{"C:\\Users\\loreto.lopez.p\\Documents\\Lore\\Diplomado DevOps\\06-Monitoreo\\clase 04\\taller\\products\\src\\app.js": {"path":"C:\\Users\\loreto.lopez.p\\Documents\\Lore\\Diplomado DevOps\\06-Monitoreo\\clase 04\\taller\\products\\src\\app.js","statementMap":{"0":{"start":{"line":6,"column":12},"end":{"line":6,"column":21}},"1":{"start":{"line":7,"column":0},"end":{"line":7,"column":26}},"2":{"start":{"line":9,"column":17},"end":{"line":9,"column":19}},"3":{"start":{"line":11,"column":0},"end":{"line":13,"column":3}},"4":{"start":{"line":12,"column":4},"end":{"line":12,"column":22}},"5":{"start":{"line":15,"column":0},"end":{"line":24,"column":3}},"6":{"start":{"line":16,"column":15},"end":{"line":16,"column":45}},"7":{"start":{"line":18,"column":19},"end":{"line":18,"column":27}},"8":{"start":{"line":19,"column":4},"end":{"line":22,"column":5}},"9":{"start":{"line":23,"column":4},"end":{"line":23,"column":38}}},"fnMap":{"0":{"name":"(anonymous_0)","decl":{"start":{"line":11,"column":21},"end":{"line":11,"column":22}},"loc":{"start":{"line":11,"column":35},"end":{"line":13,"column":1}},"line":11},"1":{"name":"(anonymous_1)","decl":{"start":{"line":15,"column":22},"end":{"line":15,"column":23}},"loc":{"start":{"line":15,"column":36},"end":{"line":24,"column":1}},"line":15}},"branchMap":{},"s":{"0":2,"1":2,"2":2,"3":2,"4":1,"5":2,"6":1,"7":1,"8":1,"9":1},"f":{"0":1,"1":1},"b":{},"_coverageSchema":"1a1c01bbd47fc00a2c39e90264f33305004495a9","hash":"fa90ea3067b0d737dbf4b6ab9288708008cd9458"}
}
